<?xml version="1.0" encoding="UTF-8"?>
<testng-results skipped="0" failed="0" total="6" passed="6">
  <reporter-output>
  </reporter-output>
  <suite name="Test Suite MetaModel" duration-ms="252" started-at="2014-02-19T00:30:52Z" finished-at="2014-02-19T00:30:53Z">
    <groups>
    </groups>
    <test name="Regression1" duration-ms="252" started-at="2014-02-19T00:30:52Z" finished-at="2014-02-19T00:30:53Z">
      <class name="qa.test.TestMetaModel">
        <test-method status="PASS" signature="testMethod(org.apache.metamodel.data.Row)[pri:0, instance:qa.test.TestMetaModel@4ff0788d]" name="testMethod" duration-ms="16" started-at="2014-02-18T16:30:53Z" data-provider="dp" finished-at="2014-02-18T16:30:53Z">
          <params>
            <param index="0">
              <value>
                <![CDATA[Row[values=[PP1_OverviewProviders_Chrome - PRD, http://monitor.healthsparq.com:8080/opensamlclient/home, member]]]]>
              </value>
            </param>
          </params>
          <reporter-output>
          </reporter-output>
        </test-method> <!-- testMethod -->
        <test-method status="PASS" signature="testMethod(org.apache.metamodel.data.Row)[pri:0, instance:qa.test.TestMetaModel@4ff0788d]" name="testMethod" duration-ms="0" started-at="2014-02-18T16:30:53Z" data-provider="dp" finished-at="2014-02-18T16:30:53Z">
          <params>
            <param index="0">
              <value>
                <![CDATA[Row[values=[PP1_OverviewProviders_Chrome - PREPROD, http://monitor.healthsparq.com:8080/opensamlclient/home, member]]]]>
              </value>
            </param>
          </params>
          <reporter-output>
          </reporter-output>
        </test-method> <!-- testMethod -->
        <test-method status="PASS" signature="testMethod(org.apache.metamodel.data.Row)[pri:0, instance:qa.test.TestMetaModel@4ff0788d]" name="testMethod" duration-ms="0" started-at="2014-02-18T16:30:53Z" data-provider="dp" finished-at="2014-02-18T16:30:53Z">
          <params>
            <param index="0">
              <value>
                <![CDATA[Row[values=[PP1_OverviewProviders_Chrome - STG, http://monitor.healthsparq.com:8080/opensamlclient/home, member]]]]>
              </value>
            </param>
          </params>
          <reporter-output>
          </reporter-output>
        </test-method> <!-- testMethod -->
        <test-method status="PASS" signature="testMethod(org.apache.metamodel.data.Row)[pri:0, instance:qa.test.TestMetaModel@4ff0788d]" name="testMethod" duration-ms="0" started-at="2014-02-18T16:30:53Z" data-provider="dp" finished-at="2014-02-18T16:30:53Z">
          <params>
            <param index="0">
              <value>
                <![CDATA[Row[values=[PP1_OverviewProviders_Chrome - IMPSTAGE, http://monitor.healthsparq.com:8080/opensamlclient/home, member]]]]>
              </value>
            </param>
          </params>
          <reporter-output>
          </reporter-output>
        </test-method> <!-- testMethod -->
        <test-method status="PASS" signature="testMethod(org.apache.metamodel.data.Row)[pri:0, instance:qa.test.TestMetaModel@4ff0788d]" name="testMethod" duration-ms="0" started-at="2014-02-18T16:30:53Z" data-provider="dp" finished-at="2014-02-18T16:30:53Z">
          <params>
            <param index="0">
              <value>
                <![CDATA[Row[values=[PP1_OverviewProviders_Chrome - INT, http://monitor.healthsparq.com:8080/opensamlclient/home, member]]]]>
              </value>
            </param>
          </params>
          <reporter-output>
          </reporter-output>
        </test-method> <!-- testMethod -->
        <test-method status="PASS" signature="testMethod(org.apache.metamodel.data.Row)[pri:0, instance:qa.test.TestMetaModel@4ff0788d]" name="testMethod" duration-ms="0" started-at="2014-02-18T16:30:53Z" data-provider="dp" finished-at="2014-02-18T16:30:53Z">
          <params>
            <param index="0">
              <value>
                <![CDATA[Row[values=[PP1_OverviewProviders_Chrome - PSSTAGE, http://monitor.healthsparq.com:8080/opensamlclient/home, member]]]]>
              </value>
            </param>
          </params>
          <reporter-output>
          </reporter-output>
        </test-method> <!-- testMethod -->
      </class> <!-- qa.test.TestMetaModel -->
    </test> <!-- Regression1 -->
  </suite> <!-- Test Suite MetaModel -->
</testng-results>
