<?xml version="1.0" encoding="UTF-8"?>
<testsuite name="TestSuite" time="0" tests="6" errors="0" skipped="0" failures="0">
  <properties>
[...]
</properties>
  <testcase name="testMethod" classname="qa.test.TestMetaModel" time="0"/>
  <testcase name="testMethod" classname="qa.test.TestMetaModel" time="0"/>
  <testcase name="testMethod" classname="qa.test.TestMetaModel" time="0"/>
  <testcase name="testMethod" classname="qa.test.TestMetaModel" time="0"/>
  <testcase name="testMethod" classname="qa.test.TestMetaModel" time="0"/>
  <testcase name="testMethod" classname="qa.test.TestMetaModel" time="0"/>
</testsuite>