<?xml version="1.0" encoding="UTF-8"?>
<testng-results skipped="0" failed="0" total="1" passed="1">
  <reporter-output>
  </reporter-output>
  <suite name="Default suite" duration-ms="300" started-at="2014-02-18T23:10:18Z" finished-at="2014-02-18T23:10:19Z">
    <groups>
    </groups>
    <test name="Default test" duration-ms="300" started-at="2014-02-18T23:10:18Z" finished-at="2014-02-18T23:10:19Z">
      <class name="qa.test.TestMetaModel">
        <test-method status="PASS" signature="beforeTest()[pri:0, instance:qa.test.TestMetaModel@3462b48a]" name="beforeTest" is-config="true" duration-ms="10" started-at="2014-02-18T15:10:18Z" finished-at="2014-02-18T15:10:18Z">
          <reporter-output>
          </reporter-output>
        </test-method> <!-- beforeTest -->
        <test-method status="PASS" signature="f()[pri:0, instance:qa.test.TestMetaModel@3462b48a]" name="f" duration-ms="290" started-at="2014-02-18T15:10:18Z" finished-at="2014-02-18T15:10:19Z">
          <reporter-output>
          </reporter-output>
        </test-method> <!-- f -->
      </class> <!-- qa.test.TestMetaModel -->
    </test> <!-- Default test -->
  </suite> <!-- Default suite -->
</testng-results>
