<?xml version="1.0" encoding="UTF-8"?>
<!-- Generated by org.testng.reporters.JUnitXMLReporter -->
<testsuite hostname="TRG513566" name="Regression1" tests="6" failures="0" timestamp="19 Feb 2014 00:30:53 GMT" time="0.252" errors="0">
  <testcase name="testMethod" time="0.016" classname="qa.test.TestMetaModel"/>
  <testcase name="testMethod" time="0.0" classname="qa.test.TestMetaModel"/>
  <testcase name="testMethod" time="0.0" classname="qa.test.TestMetaModel"/>
  <testcase name="testMethod" time="0.0" classname="qa.test.TestMetaModel"/>
  <testcase name="testMethod" time="0.0" classname="qa.test.TestMetaModel"/>
  <testcase name="testMethod" time="0.0" classname="qa.test.TestMetaModel"/>
</testsuite> <!-- Regression1 -->
